[22:09:21] [Client thread/INFO]: Setting user: Player982
[22:09:26] [Client thread/INFO]: LWJGL Version: 2.9.2
[22:09:32] [Client thread/INFO]: Reloading ResourceManager: Default, FMLFileResourcePack:Forge Mod Loader, FMLFileResourcePack:Minecraft Forge, FMLFileResourcePack:examplemod, FMLFileResourcePack:improved-minecraft
[22:09:33] [Sound Library Loader/INFO]: Starting up SoundSystem...
[22:09:33] [Thread-7/INFO]: Initializing LWJGL OpenAL
[22:09:33] [Thread-7/INFO]: (The LWJGL binding of OpenAL.  For more information, see http://www.lwjgl.org)
[22:09:33] [Thread-7/INFO]: OpenAL initialized.
[22:09:34] [Sound Library Loader/INFO]: Sound engine started
[22:09:39] [Client thread/INFO]: Created: 16x16 textures-atlas
[22:09:42] [Client thread/INFO]: Reloading ResourceManager: Default, FMLFileResourcePack:Forge Mod Loader, FMLFileResourcePack:Minecraft Forge, FMLFileResourcePack:examplemod, FMLFileResourcePack:improved-minecraft
[22:09:42] [Client thread/INFO]: SoundSystem shutting down...
[22:09:42] [Client thread/WARN]: Author: Paul Lamb, www.paulscode.com
[22:09:42] [Sound Library Loader/INFO]: Starting up SoundSystem...
[22:09:42] [Thread-9/INFO]: Initializing LWJGL OpenAL
[22:09:42] [Thread-9/INFO]: (The LWJGL binding of OpenAL.  For more information, see http://www.lwjgl.org)
[22:09:42] [Thread-9/INFO]: OpenAL initialized.
[22:09:43] [Sound Library Loader/INFO]: Sound engine started
[22:09:48] [Client thread/INFO]: Created: 2048x1024 textures-atlas
[22:09:49] [Client thread/ERROR]: ########## GL ERROR ##########
[22:09:49] [Client thread/ERROR]: @ Post startup
[22:09:49] [Client thread/ERROR]: 1281: Invalid value
[22:09:50] [Realms Notification Availability checker #1/INFO]: Could not authorize you against Realms server: Invalid session id
[22:09:54] [Realms Notification Availability checker #1/INFO]: Could not authorize you against Realms server: Invalid session id
[22:09:54] [Server thread/INFO]: Starting integrated minecraft server version 1.8.9
[22:09:54] [Server thread/INFO]: Generating keypair
[22:09:55] [Server thread/INFO]: Preparing start region for level 0
[22:09:56] [Server thread/INFO]: Preparing spawn area: 29%
[22:09:57] [Realms Notification Availability checker #1/INFO]: Could not authorize you against Realms server: Invalid session id
[22:09:57] [Server thread/INFO]: Changing view distance to 12, from 10
[22:09:59] [Server thread/INFO]: Player982[local:E:6464a62d] logged in with entity id 124 at (-630.6138013921501, 4.0, 873.0757168929206)
[22:09:59] [Server thread/INFO]: Player982 joined the game
[22:10:01] [pool-2-thread-1/WARN]: Couldn't look up profile properties for com.mojang.authlib.GameProfile@4d6038f5[id=7d461d5d-f429-32b0-a043-0156fa837406,name=Player982,properties={},legacy=false]
com.mojang.authlib.exceptions.AuthenticationException: The client has sent too many requests within a certain amount of time
	at com.mojang.authlib.yggdrasil.YggdrasilAuthenticationService.makeRequest(YggdrasilAuthenticationService.java:65) ~[YggdrasilAuthenticationService.class:?]
	at com.mojang.authlib.yggdrasil.YggdrasilMinecraftSessionService.fillGameProfile(YggdrasilMinecraftSessionService.java:175) [YggdrasilMinecraftSessionService.class:?]
	at com.mojang.authlib.yggdrasil.YggdrasilMinecraftSessionService$1.load(YggdrasilMinecraftSessionService.java:59) [YggdrasilMinecraftSessionService$1.class:?]
	at com.mojang.authlib.yggdrasil.YggdrasilMinecraftSessionService$1.load(YggdrasilMinecraftSessionService.java:56) [YggdrasilMinecraftSessionService$1.class:?]
	at com.google.common.cache.LocalCache$LoadingValueReference.loadFuture(LocalCache.java:3524) [guava-17.0.jar:?]
	at com.google.common.cache.LocalCache$Segment.loadSync(LocalCache.java:2317) [guava-17.0.jar:?]
	at com.google.common.cache.LocalCache$Segment.lockedGetOrLoad(LocalCache.java:2280) [guava-17.0.jar:?]
	at com.google.common.cache.LocalCache$Segment.get(LocalCache.java:2195) [guava-17.0.jar:?]
	at com.google.common.cache.LocalCache.get(LocalCache.java:3934) [guava-17.0.jar:?]
	at com.google.common.cache.LocalCache.getOrLoad(LocalCache.java:3938) [guava-17.0.jar:?]
	at com.google.common.cache.LocalCache$LocalLoadingCache.get(LocalCache.java:4821) [guava-17.0.jar:?]
	at com.google.common.cache.LocalCache$LocalLoadingCache.getUnchecked(LocalCache.java:4827) [guava-17.0.jar:?]
	at com.mojang.authlib.yggdrasil.YggdrasilMinecraftSessionService.fillProfileProperties(YggdrasilMinecraftSessionService.java:165) [YggdrasilMinecraftSessionService.class:?]
	at net.minecraft.client.Minecraft.func_181037_M(Minecraft.java:2915) [Minecraft.class:?]
	at net.minecraft.client.resources.SkinManager$3.run(SkinManager.java:130) [SkinManager$3.class:?]
	at java.util.concurrent.Executors$RunnableAdapter.call(Executors.java:511) [?:1.8.0_65]
	at java.util.concurrent.FutureTask.run(FutureTask.java:266) [?:1.8.0_65]
	at java.util.concurrent.ThreadPoolExecutor.runWorker(ThreadPoolExecutor.java:1142) [?:1.8.0_65]
	at java.util.concurrent.ThreadPoolExecutor$Worker.run(ThreadPoolExecutor.java:617) [?:1.8.0_65]
	at java.lang.Thread.run(Thread.java:745) [?:1.8.0_65]
[22:10:03] [Server thread/WARN]: Can't keep up! Did the system time change, or is the server overloaded? Running 2123ms behind, skipping 42 tick(s)
[22:11:16] [Server thread/WARN]: Can't keep up! Did the system time change, or is the server overloaded? Running 2197ms behind, skipping 43 tick(s)
[22:11:32] [Client thread/INFO]: [CHAT] ยง6You Broke A Block!
[22:11:37] [Client thread/INFO]: [CHAT] ยง6You Broke A Block!
[22:11:37] [Client thread/INFO]: [CHAT] ยง6You Broke A Block!
[22:11:38] [Server thread/INFO]: Saving and pausing game...
[22:11:38] [Server thread/INFO]: Saving chunks for level 'Foo'/Overworld
[22:11:38] [Server thread/INFO]: Saving chunks for level 'Foo'/Nether
[22:11:38] [Server thread/INFO]: Saving chunks for level 'Foo'/The End
[22:11:39] [Server thread/INFO]: Stopping server
[22:11:39] [Server thread/INFO]: Saving players
[22:11:39] [Server thread/INFO]: Saving worlds
[22:11:39] [Server thread/INFO]: Saving chunks for level 'Foo'/Overworld
[22:11:39] [Server thread/INFO]: Saving chunks for level 'Foo'/Nether
[22:11:39] [Server thread/INFO]: Saving chunks for level 'Foo'/The End
[22:11:41] [Client thread/INFO]: Stopping!
[22:11:41] [Client thread/INFO]: SoundSystem shutting down...
[22:11:41] [Realms Notification Availability checker #1/INFO]: Could not authorize you against Realms server: Invalid session id
[22:11:41] [Client thread/WARN]: Author: Paul Lamb, www.paulscode.com
