[15:17:49] [Client thread/INFO]: Setting user: Player986
[15:17:53] [Client thread/INFO]: LWJGL Version: 2.9.2
[15:17:58] [Client thread/INFO]: Reloading ResourceManager: Default, FMLFileResourcePack:Forge Mod Loader, FMLFileResourcePack:Minecraft Forge, FMLFileResourcePack:myMods
[15:17:58] [Sound Library Loader/INFO]: Starting up SoundSystem...
[15:17:59] [Thread-7/INFO]: Initializing LWJGL OpenAL
[15:17:59] [Thread-7/INFO]: (The LWJGL binding of OpenAL.  For more information, see http://www.lwjgl.org)
[15:17:59] [Thread-7/INFO]: OpenAL initialized.
[15:17:59] [Sound Library Loader/INFO]: Sound engine started
[15:18:01] [Client thread/INFO]: Created: 16x16 textures-atlas
[15:18:03] [Client thread/INFO]: Reloading ResourceManager: Default, FMLFileResourcePack:Forge Mod Loader, FMLFileResourcePack:Minecraft Forge, FMLFileResourcePack:myMods
[15:18:03] [Client thread/INFO]: SoundSystem shutting down...
[15:18:03] [Client thread/WARN]: Author: Paul Lamb, www.paulscode.com
[15:18:03] [Sound Library Loader/INFO]: Starting up SoundSystem...
[15:18:04] [Thread-9/INFO]: Initializing LWJGL OpenAL
[15:18:04] [Thread-9/INFO]: (The LWJGL binding of OpenAL.  For more information, see http://www.lwjgl.org)
[15:18:04] [Thread-9/INFO]: OpenAL initialized.
[15:18:04] [Sound Library Loader/INFO]: Sound engine started
[15:18:06] [Client thread/INFO]: Created: 512x512 textures-atlas
[15:18:06] [Client thread/ERROR]: ########## GL ERROR ##########
[15:18:06] [Client thread/ERROR]: @ Post startup
[15:18:06] [Client thread/ERROR]: 1281: Invalid value
[15:18:16] [Server thread/INFO]: Starting integrated minecraft server version 1.8
[15:18:16] [Server thread/INFO]: Generating keypair
[15:18:17] [Server thread/INFO]: Preparing start region for level 0
[15:18:18] [Server thread/INFO]: Preparing spawn area: 56%
[15:18:19] [Server thread/INFO]: Changing view distance to 12, from 10
[15:18:20] [Server thread/INFO]: Player986[local:E:0a4f3c9f] logged in with entity id 117 at (-1080.8687413847251, 4.0, -1079.1413203361517)
[15:18:20] [Server thread/INFO]: Player986 joined the game
[15:18:25] [Client thread/INFO]: [CHAT] ยง6You Broke A Block!
[15:18:26] [Client thread/INFO]: [CHAT] ยง6You Broke A Block!
[15:18:30] [Client thread/INFO]: [CHAT] ยง6You Broke A Block!
[15:18:31] [Server thread/WARN]: Can't keep up! Did the system time change, or is the server overloaded? Running 2096ms behind, skipping 41 tick(s)
[15:18:31] [Client thread/INFO]: [CHAT] ยง6You Broke A Block!
[15:18:33] [Server thread/INFO]: Player986 has just earned the achievement [Taking Inventory]
[15:18:33] [Client thread/INFO]: [CHAT] Player986 has just earned the achievement [Taking Inventory]
[15:18:49] [Server thread/INFO]: Saving and pausing game...
[15:18:49] [Server thread/INFO]: Saving chunks for level 'Hello World'/Overworld
[15:18:49] [Server thread/INFO]: Saving chunks for level 'Hello World'/Nether
[15:18:49] [Server thread/INFO]: Saving chunks for level 'Hello World'/The End
[15:18:50] [Client thread/INFO]: Stopping!
[15:18:50] [Client thread/INFO]: SoundSystem shutting down...
[15:18:50] [Server thread/INFO]: Stopping server
[15:18:50] [Server thread/INFO]: Saving players
[15:18:50] [Server thread/INFO]: Saving worlds
[15:18:50] [Server thread/INFO]: Saving chunks for level 'Hello World'/Overworld
[15:18:50] [Server thread/INFO]: Saving chunks for level 'Hello World'/Nether
[15:18:50] [Server thread/INFO]: Saving chunks for level 'Hello World'/The End
[15:18:50] [Client thread/WARN]: Author: Paul Lamb, www.paulscode.com
